Assembler report for shiftreg
<<<<<<< HEAD
Fri Jun 07 18:13:26 2019
Quartus II 64-Bit Version 14.1.0 Build 186 12/03/2014 SJ Full Version
=======
Wed Jun  5 19:12:33 2019
Quartus II 64-Bit Version 14.1.0 Build 186 12/03/2014 SJ Web Edition
>>>>>>> 8d436a92879aea4afb293f2f7146206db0661194


---------------------
; Table of Contents ;
---------------------
  1. Legal Notice
  2. Assembler Summary
  3. Assembler Settings
<<<<<<< HEAD
  4. Assembler Messages
=======
  4. Assembler Generated Files
  5. Assembler Device Options: shiftreg.sof
  6. Assembler Messages
>>>>>>> 8d436a92879aea4afb293f2f7146206db0661194



----------------
; Legal Notice ;
----------------
Copyright (C) 1991-2014 Altera Corporation. All rights reserved.
Your use of Altera Corporation's design tools, logic functions 
and other software and tools, and its AMPP partner logic 
functions, and any output files from any of the foregoing 
(including device programming or simulation files), and any 
associated documentation or information are expressly subject 
to the terms and conditions of the Altera Program License 
Subscription Agreement, the Altera Quartus II License Agreement,
the Altera MegaCore Function License Agreement, or other 
applicable license agreement, including, without limitation, 
that your use is for the sole purpose of programming logic 
devices manufactured by Altera and sold by Altera or its 
authorized distributors.  Please refer to the applicable 
agreement for further details.



+---------------------------------------------------------------+
; Assembler Summary                                             ;
+-----------------------+---------------------------------------+
<<<<<<< HEAD
; Assembler Status      ; Successful - Fri Jun 07 18:13:26 2019 ;
=======
; Assembler Status      ; Successful - Wed Jun  5 19:12:33 2019 ;
>>>>>>> 8d436a92879aea4afb293f2f7146206db0661194
; Revision Name         ; shiftreg                              ;
; Top-level Entity Name ; AD_SAR                                ;
; Family                ; Cyclone IV E                          ;
; Device                ; EP4CE22F17C6                          ;
+-----------------------+---------------------------------------+


+----------------------------------+
; Assembler Settings               ;
+--------+---------+---------------+
; Option ; Setting ; Default Value ;
+--------+---------+---------------+


<<<<<<< HEAD
=======
+---------------------------+
; Assembler Generated Files ;
+---------------------------+
; File Name                 ;
+---------------------------+
; shiftreg.sof              ;
+---------------------------+


+----------------------------------------+
; Assembler Device Options: shiftreg.sof ;
+----------------+-----------------------+
; Option         ; Setting               ;
+----------------+-----------------------+
; Device         ; EP4CE22F17C6          ;
; JTAG usercode  ; 0x00137707            ;
; Checksum       ; 0x00137707            ;
+----------------+-----------------------+


>>>>>>> 8d436a92879aea4afb293f2f7146206db0661194
+--------------------+
; Assembler Messages ;
+--------------------+
Info: *******************************************************************
Info: Running Quartus II 64-Bit Assembler
<<<<<<< HEAD
    Info: Version 14.1.0 Build 186 12/03/2014 SJ Full Version
    Info: Processing started: Fri Jun 07 18:13:25 2019
Info: Command: quartus_asm --read_settings_files=off --write_settings_files=off shiftreg -c shiftreg
Warning (292011): Can't generate programming files because you are currently using the Quartus II software in Evaluation Mode.
Info: Quartus II 64-Bit Assembler was successful. 0 errors, 1 warning
    Info: Peak virtual memory: 4695 megabytes
    Info: Processing ended: Fri Jun 07 18:13:26 2019
    Info: Elapsed time: 00:00:01
    Info: Total CPU time (on all processors): 00:00:00
=======
    Info: Version 14.1.0 Build 186 12/03/2014 SJ Web Edition
    Info: Processing started: Wed Jun  5 19:12:31 2019
Info: Command: quartus_asm --read_settings_files=off --write_settings_files=off shiftreg -c shiftreg
Info (115031): Writing out detailed assembly data for power analysis
Info (115030): Assembler is generating device programming files
Info: Quartus II 64-Bit Assembler was successful. 0 errors, 0 warnings
    Info: Peak virtual memory: 770 megabytes
    Info: Processing ended: Wed Jun  5 19:12:33 2019
    Info: Elapsed time: 00:00:02
    Info: Total CPU time (on all processors): 00:00:02
>>>>>>> 8d436a92879aea4afb293f2f7146206db0661194


